<?xml version="1.0" encoding="UTF-8"?>
<testng-results total="0" passed="0" failed="0" skipped="0">
  <reporter-output>
  </reporter-output>
  <suite started-at="2017-12-22T17:14:47Z" name="Android Login Page" finished-at="2017-12-22T17:14:47Z" duration-ms="4">
    <groups>
    </groups>
    <test started-at="2017-12-22T17:14:47Z" name="Android Login Page Test" finished-at="2017-12-22T17:14:47Z" duration-ms="4">
    </test> <!-- Android Login Page Test -->
  </suite> <!-- Android Login Page -->
</testng-results>
