<?xml version="1.0" encoding="UTF-8"?>
<testng-results ignored="13" total="14" passed="0" failed="1" skipped="0">
  <reporter-output>
  </reporter-output>
  <suite started-at="2019-11-04T11:18:49 MST" name="iOS Just For Testing " finished-at="2019-11-04T11:24:16 MST" duration-ms="327552">
    <groups>
      <group name="all">
        <method signature="DirectoryScreenTest.directoryScreenTest(java.lang.String, java.lang.String, java.lang.String, java.lang.String)[pri:0, instance:LDSToolsAppiumTest.DirectoryScreenTest@4ba2ca36]" name="directoryScreenTest" class="LDSToolsAppiumTest.DirectoryScreenTest"/>
      </group> <!-- all -->
      <group name="smoke2">
        <method signature="DirectoryScreenTest.directoryScreenTest(java.lang.String, java.lang.String, java.lang.String, java.lang.String)[pri:0, instance:LDSToolsAppiumTest.DirectoryScreenTest@4ba2ca36]" name="directoryScreenTest" class="LDSToolsAppiumTest.DirectoryScreenTest"/>
      </group> <!-- smoke2 -->
      <group name="smoke">
        <method signature="DirectoryScreenTest.directoryScreenTest(java.lang.String, java.lang.String, java.lang.String, java.lang.String)[pri:0, instance:LDSToolsAppiumTest.DirectoryScreenTest@4ba2ca36]" name="directoryScreenTest" class="LDSToolsAppiumTest.DirectoryScreenTest"/>
      </group> <!-- smoke -->
      <group name="jft">
        <method signature="DirectoryScreenTest.directoryScreenTest(java.lang.String, java.lang.String, java.lang.String, java.lang.String)[pri:0, instance:LDSToolsAppiumTest.DirectoryScreenTest@4ba2ca36]" name="directoryScreenTest" class="LDSToolsAppiumTest.DirectoryScreenTest"/>
      </group> <!-- jft -->
      <group name="all2">
        <method signature="DirectoryScreenTest.directoryScreenTest(java.lang.String, java.lang.String, java.lang.String, java.lang.String)[pri:0, instance:LDSToolsAppiumTest.DirectoryScreenTest@4ba2ca36]" name="directoryScreenTest" class="LDSToolsAppiumTest.DirectoryScreenTest"/>
      </group> <!-- all2 -->
    </groups>
    <test started-at="2019-11-04T11:18:49 MST" name="iOS Just For Testing " finished-at="2019-11-04T11:24:16 MST" duration-ms="327552">
      <class name="LDSToolsAppiumTest.DirectoryScreenTest">
        <test-method is-config="true" signature="setUp(java.lang.String, java.lang.String, java.lang.String, int)[pri:0, instance:LDSToolsAppiumTest.DirectoryScreenTest@4ba2ca36]" started-at="2019-11-04T11:18:49 MST" name="setUp" finished-at="2019-11-04T11:19:28 MST" duration-ms="39665" status="PASS">
          <params>
            <param index="0">
              <value>
                <![CDATA[ios]]>
              </value>
            </param>
            <param index="1">
              <value>
                <![CDATA[LDSTools.ipa]]>
              </value>
            </param>
            <param index="2">
              <value>
                <![CDATA[REAL-ZadesXSMax]]>
              </value>
            </param>
            <param index="3">
              <value>
                <![CDATA[200]]>
              </value>
            </param>
          </params>
          <reporter-output>
          </reporter-output>
        </test-method> <!-- setUp -->
        <test-method signature="directoryScreenTest(java.lang.String, java.lang.String, java.lang.String, java.lang.String)[pri:0, instance:LDSToolsAppiumTest.DirectoryScreenTest@4ba2ca36]" started-at="2019-11-04T11:19:28 MST" name="directoryScreenTest" data-provider="Members" finished-at="2019-11-04T11:23:42 MST" duration-ms="253205" status="FAIL">
          <params>
            <param index="0">
              <value>
                <![CDATA[LDSTools21]]>
              </value>
            </param>
            <param index="1">
              <value>
                <![CDATA[password1]]>
              </value>
            </param>
            <param index="2">
              <value>
                <![CDATA[2]]>
              </value>
            </param>
            <param index="3">
              <value>
                <![CDATA[elders]]>
              </value>
            </param>
          </params>
          <exception class="java.lang.AssertionError">
            <message>
              <![CDATA[did not expect to find [true] but found [false]]]>
            </message>
            <full-stacktrace>
              <![CDATA[java.lang.AssertionError: did not expect to find [true] but found [false]
at org.testng.Assert.fail(Assert.java:97)
at org.testng.Assert.failNotEquals(Assert.java:969)
at org.testng.Assert.assertTrue(Assert.java:43)
at org.testng.Assert.assertTrue(Assert.java:53)
at LDSToolsAppium.BasePage.rightsCheck(BasePage.java:582)
at LDSToolsAppiumTest.DirectoryScreenTest.directoryScreenTest(DirectoryScreenTest.java:52)
at java.base/jdk.internal.reflect.NativeMethodAccessorImpl.invoke0(Native Method)
at java.base/jdk.internal.reflect.NativeMethodAccessorImpl.invoke(NativeMethodAccessorImpl.java:62)
at java.base/jdk.internal.reflect.DelegatingMethodAccessorImpl.invoke(DelegatingMethodAccessorImpl.java:43)
at java.base/java.lang.reflect.Method.invoke(Method.java:567)
at org.testng.internal.MethodInvocationHelper.invokeMethod(MethodInvocationHelper.java:133)
at org.testng.internal.TestInvoker.invokeMethod(TestInvoker.java:584)
at org.testng.internal.TestInvoker.invokeTestMethod(TestInvoker.java:172)
at org.testng.internal.MethodRunner.runInSequence(MethodRunner.java:46)
at org.testng.internal.TestInvoker$MethodInvocationAgent.invoke(TestInvoker.java:804)
at org.testng.internal.TestInvoker.invokeTestMethods(TestInvoker.java:145)
at org.testng.internal.TestMethodWorker.invokeTestMethods(TestMethodWorker.java:146)
at org.testng.internal.TestMethodWorker.run(TestMethodWorker.java:128)
at java.base/java.util.ArrayList.forEach(ArrayList.java:1507)
at org.testng.TestRunner.privateRun(TestRunner.java:770)
at org.testng.TestRunner.run(TestRunner.java:591)
at org.testng.SuiteRunner.runTest(SuiteRunner.java:402)
at org.testng.SuiteRunner.runSequentially(SuiteRunner.java:396)
at org.testng.SuiteRunner.privateRun(SuiteRunner.java:355)
at org.testng.SuiteRunner.run(SuiteRunner.java:304)
at org.testng.SuiteRunnerWorker.runSuite(SuiteRunnerWorker.java:53)
at org.testng.SuiteRunnerWorker.run(SuiteRunnerWorker.java:96)
at org.testng.TestNG.runSuitesSequentially(TestNG.java:1180)
at org.testng.TestNG.runSuitesLocally(TestNG.java:1102)
at org.testng.TestNG.runSuites(TestNG.java:1032)
at org.testng.TestNG.run(TestNG.java:1000)
at org.testng.IDEARemoteTestNG.run(IDEARemoteTestNG.java:73)
at org.testng.RemoteTestNGStarter.main(RemoteTestNGStarter.java:123)
]]>
            </full-stacktrace>
          </exception> <!-- java.lang.AssertionError -->
          <reporter-output>
          </reporter-output>
        </test-method> <!-- directoryScreenTest -->
        <test-method is-config="true" signature="teardown(org.testng.ITestResult)[pri:0, instance:LDSToolsAppiumTest.DirectoryScreenTest@4ba2ca36]" started-at="2019-11-04T11:23:42 MST" name="teardown" finished-at="2019-11-04T11:24:16 MST" duration-ms="34647" status="PASS">
          <params>
            <param index="0">
              <value>
                <![CDATA[[TestResult name=directoryScreenTest status=FAILURE method=DirectoryScreenTest.directoryScreenTest(java.lang.String, java.lang.String, java.lang.String, java.lang.String)[pri:0, instance:LDSToolsAppiumTest.DirectoryScreenTest@4ba2ca36] output={null}]]]>
              </value>
            </param>
          </params>
          <reporter-output>
          </reporter-output>
        </test-method> <!-- teardown -->
        <test-method is-config="true" signature="afterClass()[pri:0, instance:LDSToolsAppiumTest.DirectoryScreenTest@4ba2ca36]" started-at="2019-11-04T11:24:16 MST" name="afterClass" finished-at="2019-11-04T11:24:16 MST" duration-ms="1" status="PASS">
          <reporter-output>
          </reporter-output>
        </test-method> <!-- afterClass -->
      </class> <!-- LDSToolsAppiumTest.DirectoryScreenTest -->
      <class name="LDSToolsAppium.BaseDriver">
        <test-method is-config="true" signature="removeFilesBeforeTest()[pri:0, instance:LDSToolsAppium.BaseDriver@4df828d7]" started-at="2019-11-04T11:18:49 MST" name="removeFilesBeforeTest" finished-at="2019-11-04T11:18:49 MST" duration-ms="20" status="PASS">
          <reporter-output>
          </reporter-output>
        </test-method> <!-- removeFilesBeforeTest -->
        <test-method is-config="true" signature="afterAllTests()[pri:0, instance:LDSToolsAppium.BaseDriver@4df828d7]" started-at="2019-11-04T11:24:16 MST" name="afterAllTests" finished-at="2019-11-04T11:24:19 MST" duration-ms="3217" status="PASS">
          <reporter-output>
          </reporter-output>
        </test-method> <!-- afterAllTests -->
      </class> <!-- LDSToolsAppium.BaseDriver -->
    </test> <!-- iOS Just For Testing  -->
  </suite> <!-- iOS Just For Testing  -->
</testng-results>
